<?xml version="1.0" encoding="UTF-8"?>
<!-- Generated by org.testng.reporters.JUnitReportReporter -->
<testsuite skipped="0" hostname="Shashanks-MacBook-Air.local" name="test.day1" tests="1" failures="0" timestamp="27 Jan 2019 19:02:39 GMT" time="0.008" errors="0">
  <testcase name="secondTest" time="0.008" classname="test.day1"/>
</testsuite> <!-- test.day1 -->
