<?xml version="1.0" encoding="UTF-8"?>
<!-- Generated by org.testng.reporters.JUnitReportReporter -->
<testsuite skipped="0" hostname="Shashanks-MacBook-Air.local" name="test.day3" tests="5" failures="0" timestamp="27 Jan 2019 19:02:39 GMT" time="0.026" errors="0">
  <testcase name="LoginAPICarloan" time="0.012" classname="test.day3"/>
  <testcase name="LoginAPICarloan" time="0.006" classname="test.day3"/>
  <testcase name="weblogincarloan" time="0.002" classname="test.day3"/>
  <testcase name="LoginAPICarloan" time="0.002" classname="test.day3"/>
  <testcase name="Mobilelogincarloan" time="0.004" classname="test.day3"/>
</testsuite> <!-- test.day3 -->
